<?xml version="1.0" encoding="UTF-8"?>
<testsuite name="Tests" tests="1" skipped="0" failures="0" errors="0" timestamp="2021-01-02T14:10:33" hostname="eliud-wanja" time="0.102">
  <properties/>
  <testcase name="start" classname="Tests" time="0.102"/>
  <system-out><![CDATA[?[1;31m
Start test 1?[0m
Hello! My name is Eliud Wanja.
]]></system-out>
  <system-err><![CDATA[]]></system-err>
</testsuite>
